<?xml version="1.0" encoding="UTF-8"?>
<testng-results skipped="0" failed="0" ignored="0" total="1" passed="1">
  <reporter-output>
  </reporter-output>
  <suite name="Dewey Functional test suit" duration-ms="36657" started-at="2021-06-29T06:57:44Z" finished-at="2021-06-29T06:58:20Z">
    <groups>
    </groups>
    <test name="Functional Test" duration-ms="36657" started-at="2021-06-29T06:57:44Z" finished-at="2021-06-29T06:58:20Z">
      <class name="testcases.Masters.TC_Verify_Login">
        <test-method status="PASS" signature="beforeSuite()[pri:0, instance:testcases.Masters.TC_Verify_Login@2aece37d]" name="beforeSuite" is-config="true" duration-ms="417" started-at="2021-06-29T12:27:43Z" finished-at="2021-06-29T12:27:44Z">
          <reporter-output>
          </reporter-output>
        </test-method> <!-- beforeSuite -->
        <test-method status="PASS" signature="beforeTest()[pri:0, instance:testcases.Masters.TC_Verify_Login@2aece37d]" name="beforeTest" is-config="true" duration-ms="1" started-at="2021-06-29T12:27:44Z" finished-at="2021-06-29T12:27:44Z">
          <reporter-output>
          </reporter-output>
        </test-method> <!-- beforeTest -->
        <test-method status="PASS" signature="setValues()[pri:0, instance:testcases.Masters.TC_Verify_Login@2aece37d]" name="setValues" is-config="true" duration-ms="0" started-at="2021-06-29T12:27:44Z" finished-at="2021-06-29T12:27:44Z">
          <reporter-output>
          </reporter-output>
        </test-method> <!-- setValues -->
        <test-method status="PASS" signature="tc01(java.lang.String, java.lang.String, java.lang.String)[pri:0, instance:testcases.Masters.TC_Verify_Login@2aece37d]" name="tc01" duration-ms="35498" started-at="2021-06-29T12:27:45Z" data-provider="fetchData" finished-at="2021-06-29T12:28:20Z">
          <params>
            <param index="0">
              <value>
                <![CDATA[chrome]]>
              </value>
            </param>
            <param index="1">
              <value>
                <![CDATA[devanand.kv]]>
              </value>
            </param>
            <param index="2">
              <value>
                <![CDATA[ccs#1234]]>
              </value>
            </param>
          </params>
          <reporter-output>
          </reporter-output>
        </test-method> <!-- tc01 -->
        <test-method status="PASS" signature="beforeMethod()[pri:0, instance:testcases.Masters.TC_Verify_Login@2aece37d]" name="beforeMethod" is-config="true" duration-ms="0" started-at="2021-06-29T12:27:45Z" finished-at="2021-06-29T12:27:45Z">
          <reporter-output>
          </reporter-output>
        </test-method> <!-- beforeMethod -->
        <test-method status="PASS" signature="afterMethod()[pri:0, instance:testcases.Masters.TC_Verify_Login@2aece37d]" name="afterMethod" is-config="true" duration-ms="1" started-at="2021-06-29T12:28:20Z" finished-at="2021-06-29T12:28:20Z">
          <reporter-output>
          </reporter-output>
        </test-method> <!-- afterMethod -->
        <test-method status="PASS" signature="afterTest()[pri:0, instance:testcases.Masters.TC_Verify_Login@2aece37d]" name="afterTest" is-config="true" duration-ms="1" started-at="2021-06-29T12:28:20Z" finished-at="2021-06-29T12:28:20Z">
          <reporter-output>
          </reporter-output>
        </test-method> <!-- afterTest -->
        <test-method status="PASS" signature="afterSuite()[pri:0, instance:testcases.Masters.TC_Verify_Login@2aece37d]" name="afterSuite" is-config="true" duration-ms="651" started-at="2021-06-29T12:28:20Z" finished-at="2021-06-29T12:28:21Z">
          <reporter-output>
          </reporter-output>
        </test-method> <!-- afterSuite -->
      </class> <!-- testcases.Masters.TC_Verify_Login -->
    </test> <!-- Functional Test -->
  </suite> <!-- Dewey Functional test suit -->
</testng-results>
